2017-09-15 22:45:22,883-get_positions-
  获取屏幕截图
2017-09-15 22:45:23,461-get_positions-
  获取最大搜索下边界 -1
2017-09-15 22:45:35,408-get_positions-
  完成 %s 数据解析
2017-09-15 22:45:46,776-get_positions-
  完成 %s 数据解析
2017-09-15 22:47:06,056-get_positions-
  获取屏幕截图
2017-09-15 22:47:06,542-get_positions-
  获取最大搜索下边界 -1
2017-09-15 22:47:16,768-get_positions-
  完成 持仓_证券代码 数据解析
2017-09-15 22:47:26,678-get_positions-
  完成 持仓_股票余额 数据解析
2017-09-15 22:50:12,193-get_positions-
  获取屏幕截图
2017-09-15 22:50:12,356-get_positions-
  获取最大搜索下边界 697
2017-09-15 22:53:14,873-get_positions-
  获取屏幕截图
2017-09-15 22:53:15,090-get_positions-
  获取最大搜索下边界 697
2017-09-15 22:56:16,527-get_positions-
  获取屏幕截图
2017-09-15 22:56:16,681-get_positions-
  获取最大搜索下边界 697
2017-09-15 22:59:07,784-get_positions-
  获取屏幕截图
2017-09-15 22:59:07,949-get_positions-
  获取最大搜索下边界 697
2017-09-15 23:01:19,134-get_positions-
  获取屏幕截图
2017-09-15 23:01:19,291-get_positions-
  获取最大搜索下边界 697
2017-09-15 23:04:42,881-get_positions-
  获取最大搜索下边界 -1
2017-09-15 23:06:00,008-get_positions-
  获取最大搜索下边界 -1
2017-09-15 23:07:24,961-get_positions-
  获取最大搜索下边界 -1
2017-09-15 23:08:19,991-get_positions-
  获取最大搜索下边界 -1
2017-09-15 23:10:48,870-get_positions-
  获取屏幕截图
2017-09-15 23:10:49,111-get_positions-
  获取最大搜索下边界 697
2017-09-15 23:12:00,940-get_positions-
  获取屏幕截图
2017-09-15 23:12:01,153-get_positions-
  获取最大搜索下边界 697
2017-09-15 23:15:04,572-get_positions-
  获取最大搜索下边界 697
2017-09-15 23:16:19,818-get_positions-
  获取屏幕截图
2017-09-15 23:16:19,990-get_positions-
  获取最大搜索下边界 697
2017-09-15 23:17:29,487-get_positions-
  获取屏幕截图
2017-09-15 23:17:29,721-get_positions-
  获取最大搜索下边界 697
2017-09-15 23:19:55,365-get_positions-
  获取屏幕截图
2017-09-15 23:19:55,534-get_positions-
  获取最大搜索下边界 697
2017-09-15 23:24:31,219-get_positions-
  获取屏幕截图
2017-09-15 23:24:31,466-get_positions-
  获取最大搜索下边界 697
2017-09-15 23:24:32,019-get_positions-
  完成 持仓_证券代码 数据解析
2017-09-15 23:24:32,567-get_positions-
  完成 持仓_股票余额 数据解析
2017-09-15 23:24:33,115-get_positions-
  完成 持仓_可用余额 数据解析
2017-09-15 23:24:33,655-get_positions-
  完成 持仓_冻结数量 数据解析
2017-09-15 23:24:34,123-get_positions-
  完成 持仓_成本价 数据解析
2017-09-15 23:24:34,554-get_positions-
  完成 持仓_市价 数据解析
2017-09-15 23:24:34,999-get_positions-
  完成 持仓_市值 数据解析
2017-09-15 23:24:35,028-get_positions-
  完成表格所有列解析  持仓_证券代码 持仓_股票余额 持仓_可用余额 持仓_冻结数量  持仓_成本价   持仓_市价     持仓_市值
0  002230     100     100       4  55.245  53.000  5300.000
1  601398     200     200       4   5.937   5.770  1154.000
2017-09-16 10:20:00,684-get_summary-
  资产状况
         资金余额  可取金额  冻结金额     股票市值       可用金额        总资产
0  193288.09  0.00  0.00  6454.00  193288.09  199742.09
2017-09-16 10:20:12,722-get_summary-
  资产状况
               0
资金余额  193288.09
可取金额       0.00
冻结金额       0.00
股票市值    6454.00
可用金额  193288.09
总资产   199742.09
2017-09-16 10:20:48,813-get_summary-
  获取屏幕截图
2017-09-16 10:20:51,722-get_summary-
  获取资金汇总的6个字段的上下左右坐标
2017-09-16 10:20:59,703-get_summary-
  获取屏幕截图
2017-09-16 10:21:01,095-get_summary-
  获取资金汇总的6个字段的上下左右坐标
2017-09-16 10:21:01,114-get_summary-
  资产状况
               0
资金余额  193288.09
可取金额       0.00
冻结金额       0.00
股票市值    6454.00
可用金额  193288.09
总资产   199742.09
2017-09-16 16:24:52,260-maximization-
  交易界面锁定，需要解锁
2017-09-16 16:25:24,381-maximization-
  移动到 211 220 ,输入解锁密码
2017-09-16 16:26:05,160-maximization-
  点击确认按钮，解锁交易界面
2017-09-16 16:33:20,885-maximization-
  交易界面锁定，需要解锁
2017-09-16 16:33:42,889-maximization-
  交易界面锁定，需要解锁
2017-09-16 16:33:44,911-maximization-
  移动到 223 135 ,输入解锁密码
2017-09-16 16:39:07,983-maximization-
  交易界面锁定，需要解锁
2017-09-16 16:39:09,717-maximization-
  移动到 223 135 ,输入解锁密码
2017-09-16 16:40:17,608-maximization-
  交易界面锁定，需要解锁
2017-09-16 16:40:19,400-maximization-
  移动到 223 135 ,输入解锁密码
2017-09-16 16:47:53,606-maximization-
  交易界面锁定，需要解锁
2017-09-16 16:47:55,364-maximization-
  移动到 223 135 ,输入解锁密码
2017-09-16 16:48:16,827-maximization-
  交易界面锁定，需要解锁
2017-09-16 16:48:18,609-maximization-
  移动到 223 135 ,输入解锁密码
2017-09-16 16:48:19,669-maximization-
  点击确认按钮，解锁交易界面
2017-09-16 16:50:12,695-maximization-
  交易界面锁定，需要解锁
2017-09-16 16:50:13,458-maximization-
  移动到 223 135 ,输入解锁密码
2017-09-16 16:50:13,987-maximization-
  点击确认按钮 -1 -1 ，解锁交易界面
2017-09-16 16:55:14,355-maximization-
  点击确认按钮 265 64 ，解锁交易界面
2017-09-16 16:55:34,053-maximization-
  点击确认按钮 265 64 ，解锁交易界面
2017-09-16 16:56:15,228-maximization-
  点击确认按钮 265 64 ，解锁交易界面
2017-09-16 17:06:58,512-maximization-
  窗口未最大化，需要最大化窗口
2017-09-16 17:08:55,355-maximization-
  窗口未最大化，需要最大化窗口
2017-09-16 17:13:11,843-maximization-
  窗口未最大化，需要最大化窗口
2017-09-16 17:25:31,811-maximization-
  窗口未最大化，需要最大化窗口
2017-09-16 17:28:18,357-maximization-
  窗口未最大化，需要最大化窗口
2017-09-16 17:55:55,396-buy-
  点击，获取界面焦点 -1 -1
2017-09-16 17:57:21,926-buy-
  点击，获取界面焦点 -1 -1
2017-09-16 17:59:59,474-buy-
  点击，获取界面焦点 7 65
2017-09-16 18:00:33,758-buy-
  点击，获取界面焦点 7 65
2017-09-16 18:32:25,310-buy_sell-
  点击，获取界面焦点 7 65
2017-09-16 18:32:25,512-buy_sell-
  获取程序焦点，调出股票买入页面
2017-09-16 18:32:34,397-buy_sell-
  证券代码 坐标 117 296 
2017-09-16 18:32:34,398-buy_sell-
  买入价格 坐标 153 304 
2017-09-16 18:32:34,398-buy_sell-
  买入数量 坐标 153 304 
2017-09-16 18:32:34,398-buy_sell-
  买入确认 坐标 153 304 
2017-09-16 18:38:10,551-buy_sell-
  买入股票 坐标 -1 -1 
2017-09-16 18:42:52,705-buy_sell-
  买入股票 坐标 79 228 
2017-09-16 20:39:53,682-buy_sell-
  买入股票 坐标 79 228 
2017-09-16 20:40:26,519-buy_sell-
  证券代码 坐标 117 296 
2017-09-16 20:40:38,607-buy_sell-
  买入价格 坐标 153 304 
2017-09-16 20:40:53,355-buy_sell-
  买入数量 坐标 153 304 
2017-09-16 20:42:37,800-buy_sell-
  买入数量 坐标 153 304 
2017-09-16 20:43:08,502-buy_sell-
  买入确认 坐标 153 304 
2017-09-16 20:50:01,765-buy_sell-
  证券代码 坐标 117 296 
2017-09-16 20:50:15,482-buy_sell-
  买入价格 坐标 153 304 
2017-09-16 20:50:25,815-buy_sell-
  买入数量 坐标 153 304 
2017-09-16 20:52:51,743-buy_sell-
  买入股票 坐标 79 228 
2017-09-16 20:52:59,535-buy_sell-
  证券代码 坐标 117 296 
2017-09-16 20:53:08,630-buy_sell-
  买入价格 坐标 153 304 
2017-09-16 20:53:33,825-buy_sell-
  买入数量 坐标 153 304 
2017-09-16 20:54:13,467-buy_sell-
  买入确认 坐标 235 336 
2017-09-16 20:55:29,160-buy_sell-
  买入确认 坐标 235 336 
2017-09-16 20:55:50,909-buy_sell-
  买入数量 坐标 153 304 
2017-09-16 20:57:40,920-buy_sell-
  买入数量 坐标 210 249 
2017-09-16 21:02:35,041-buy_sell-
  买入股票 坐标 -1 -1 
2017-09-16 21:03:08,584-buy_sell-
  买入股票 坐标 79 228 
2017-09-16 21:03:58,163-buy_sell-
  证券代码 坐标 117 296 
2017-09-16 21:04:01,807-buy_sell-
  买入价格 坐标 153 304 
2017-09-16 21:04:05,500-buy_sell-
  买入数量 坐标 153 304 
2017-09-16 21:05:58,138-buy_sell-
  买入价格 坐标 153 288 
2017-09-16 21:05:59,186-buy_sell-
  买入数量 坐标 210 288 
2017-09-16 21:06:24,544-buy_sell-
  买入确认 坐标 235 336 
2017-09-16 21:10:55,401-buy_sell-
  买入股票 坐标 79 228 
2017-09-16 21:11:02,041-buy_sell-
  证券代码 坐标 117 296 
2017-09-16 21:11:02,645-buy_sell-
  买入价格 坐标 153 288 
2017-09-16 21:11:03,705-buy_sell-
  买入数量 坐标 210 288 
2017-09-16 21:11:08,744-buy_sell-
  买入确认 坐标 235 336 
2017-09-16 21:11:09,755-buy_sell-
  买入重填 坐标 235 256 
2017-09-16 21:22:33,510-buy_sell-
  点击，获取界面焦点 7 65
2017-09-16 21:22:33,711-buy_sell-
  获取程序焦点，调出股票卖出页面
2017-09-16 21:22:34,316-buy_sell-
  卖出股票 坐标 79 228 
2017-09-16 21:22:34,640-buy_sell-
  证券代码 坐标 117 296 
2017-09-16 21:22:35,192-buy_sell-
  卖出价格 坐标 153 288 
2017-09-16 21:22:35,748-buy_sell-
  卖出数量 坐标 153 288 
2017-09-16 21:22:36,738-buy_sell-
  卖出确认 坐标 235 336 
2017-09-16 21:22:37,725-buy_sell-
  卖出重填 坐标 235 256 
2017-09-16 21:22:40,933-buy_sell-
  卖出 symbol=601398 price=3.450000 amount=100
2017-09-16 21:22:40,934-buy_sell-
  后面还有弹出确认框的确认, 未处理
2017-09-16 21:26:49,557-buy_sell-
  卖出股票 坐标 79 228 
2017-09-16 21:26:57,628-buy_sell-
  证券代码 坐标 117 296 
2017-09-16 21:27:15,159-buy_sell-
  卖出价格 坐标 153 288 
2017-09-16 21:27:25,352-buy_sell-
  卖出数量 坐标 210 288 
2017-09-16 21:27:46,829-buy_sell-
  点击，获取界面焦点 7 65
2017-09-16 21:27:47,032-buy_sell-
  获取程序焦点，调出股票卖出页面
2017-09-16 21:27:47,609-buy_sell-
  卖出股票 坐标 79 228 
2017-09-16 21:27:47,915-buy_sell-
  证券代码 坐标 117 296 
2017-09-16 21:27:48,466-buy_sell-
  卖出价格 坐标 153 288 
2017-09-16 21:27:49,482-buy_sell-
  卖出数量 坐标 210 288 
2017-09-16 21:27:50,474-buy_sell-
  卖出确认 坐标 235 336 
2017-09-16 21:27:51,454-buy_sell-
  卖出重填 坐标 235 256 
2017-09-16 21:27:54,684-buy_sell-
  卖出 symbol=601398 price=3.450000 amount=100
2017-09-16 21:27:54,684-buy_sell-
  后面还有弹出确认框的确认, 未处理
